<?xml version="1.0" encoding="UTF-8"?>
<!-- Generated by org.testng.reporters.JUnitXMLReporter -->
<testsuite ignored="0" hostname="DESKTOP-OHDR9CR" failures="0" tests="2" name="Login With Valid Credentials" time="9.986" errors="0" timestamp="2023-09-06T13:24:18 IST">
  <testcase classname="testCases.TC002_Login_ValidCredentials" name="verifyLoginWithValidCredentials" time="2.303"/>
  <testcase classname="testCases.TC002_Login_ValidCredentials" name="verifyLogout" time="0.001"/>
</testsuite> <!-- Login With Valid Credentials -->
