<?xml version="1.0" encoding="UTF-8"?>
<testng-results ignored="0" total="2" passed="2" failed="0" skipped="0">
  <reporter-output>
  </reporter-output>
  <suite started-at="2023-09-06T13:24:08 IST" name="Suite1" finished-at="2023-09-06T13:24:18 IST" duration-ms="9986">
    <groups>
    </groups>
    <test started-at="2023-09-06T13:24:08 IST" name="Login With Valid Credentials" finished-at="2023-09-06T13:24:18 IST" duration-ms="9986">
      <class name="testCases.TC002_Login_ValidCredentials">
        <test-method is-config="true" signature="setUp(java.lang.String)[pri:0, instance:testCases.TC002_Login_ValidCredentials@d4342c2]" started-at="2023-09-06T13:24:08 IST" name="setUp" finished-at="2023-09-06T13:24:15 IST" duration-ms="7403" status="PASS">
          <params>
            <param index="0">
              <value>
                <![CDATA[edge]]>
              </value>
            </param>
          </params>
          <reporter-output>
          </reporter-output>
        </test-method> <!-- setUp -->
        <test-method signature="verifyLoginWithValidCredentials()[pri:0, instance:testCases.TC002_Login_ValidCredentials@d4342c2]" started-at="2023-09-06T13:24:16 IST" name="verifyLoginWithValidCredentials" finished-at="2023-09-06T13:24:18 IST" duration-ms="2303" status="PASS">
          <reporter-output>
          </reporter-output>
        </test-method> <!-- verifyLoginWithValidCredentials -->
        <test-method signature="verifyLogout()[pri:0, instance:testCases.TC002_Login_ValidCredentials@d4342c2]" started-at="2023-09-06T13:24:18 IST" name="verifyLogout" finished-at="2023-09-06T13:24:18 IST" duration-ms="1" status="PASS">
          <reporter-output>
          </reporter-output>
        </test-method> <!-- verifyLogout -->
        <test-method is-config="true" signature="tearDown()[pri:0, instance:testCases.TC002_Login_ValidCredentials@d4342c2]" started-at="2023-09-06T13:24:18 IST" name="tearDown" finished-at="2023-09-06T13:24:18 IST" duration-ms="242" status="PASS">
          <reporter-output>
          </reporter-output>
        </test-method> <!-- tearDown -->
      </class> <!-- testCases.TC002_Login_ValidCredentials -->
    </test> <!-- Login With Valid Credentials -->
  </suite> <!-- Suite1 -->
</testng-results>
